  Animation.cpp
C:\Users\ADMIN\source\repos\PTIT_Simulator\PTIT_Simulator\IncludeHeader.h(24,10): fatal  error C1083: Cannot open include file: 'SFML\System.hpp': No such file or directory
  DialogSystem.cpp
  Entity.cpp
C:\Users\ADMIN\source\repos\PTIT_Simulator\PTIT_Simulator\IncludeHeader.h(24,10): fatal  error C1083: Cannot open include file: 'SFML\System.hpp': No such file or directory
  Game.cpp
C:\Users\ADMIN\source\repos\PTIT_Simulator\PTIT_Simulator\IncludeHeader.h(24,10): fatal  error C1083: Cannot open include file: 'SFML\System.hpp': No such file or directory
  GameButton.cpp
C:\Users\ADMIN\source\repos\PTIT_Simulator\PTIT_Simulator\ResourceManager.h(6,10): fatal  error C1083: Cannot open include file: 'SFML/Graphics.hpp': No such file or directory
  GameStateBase.cpp
C:\Users\ADMIN\source\repos\PTIT_Simulator\PTIT_Simulator\ResourceManager.h(6,10): fatal  error C1083: Cannot open include file: 'SFML/Graphics.hpp': No such file or directory
  GameStateBase.h
C:\Users\ADMIN\source\repos\PTIT_Simulator\PTIT_Simulator\ResourceManager.h(6,10): fatal  error C1083: Cannot open include file: 'SFML/Graphics.hpp': No such file or directory
  GameStateMachine.cpp
C:\Users\ADMIN\source\repos\PTIT_Simulator\PTIT_Simulator\ResourceManager.h(6,10): fatal  error C1083: Cannot open include file: 'SFML/Graphics.hpp': No such file or directory
  GameStateMachine.h
  GSAbout.cpp
C:\Users\ADMIN\source\repos\PTIT_Simulator\PTIT_Simulator\ResourceManager.h(6,10): fatal  error C1083: Cannot open include file: 'SFML/Graphics.hpp': No such file or directory
  GSIntro.cpp
C:\Users\ADMIN\source\repos\PTIT_Simulator\PTIT_Simulator\ResourceManager.h(6,10): fatal  error C1083: Cannot open include file: 'SFML/Graphics.hpp': No such file or directory
  GSMenu.cpp
C:\Users\ADMIN\source\repos\PTIT_Simulator\PTIT_Simulator\ResourceManager.h(6,10): fatal  error C1083: Cannot open include file: 'SFML/Graphics.hpp': No such file or directory
  GSMenu.h
C:\Users\ADMIN\source\repos\PTIT_Simulator\PTIT_Simulator\ResourceManager.h(6,10): fatal  error C1083: Cannot open include file: 'SFML/Graphics.hpp': No such file or directory
  GSPlay.cpp
C:\Users\ADMIN\source\repos\PTIT_Simulator\PTIT_Simulator\ResourceManager.h(6,10): fatal  error C1083: Cannot open include file: 'SFML/Graphics.hpp': No such file or directory
  GSStory.h
C:\Users\ADMIN\source\repos\PTIT_Simulator\PTIT_Simulator\ResourceManager.h(6,10): fatal  error C1083: Cannot open include file: 'SFML/Graphics.hpp': No such file or directory
  GSStory.cpp
C:\Users\ADMIN\source\repos\PTIT_Simulator\PTIT_Simulator\ResourceManager.h(6,10): fatal  error C1083: Cannot open include file: 'SFML/Graphics.hpp': No such file or directory
  Hitbox.cpp
C:\Users\ADMIN\source\repos\PTIT_Simulator\PTIT_Simulator\IncludeHeader.h(24,10): fatal  error C1083: Cannot open include file: 'SFML\System.hpp': No such file or directory
  main.cpp
C:\Users\ADMIN\source\repos\PTIT_Simulator\PTIT_Simulator\IncludeHeader.h(24,10): fatal  error C1083: Cannot open include file: 'SFML\System.hpp': No such file or directory
  Movement.cpp
C:\Users\ADMIN\source\repos\PTIT_Simulator\PTIT_Simulator\IncludeHeader.h(24,10): fatal  error C1083: Cannot open include file: 'SFML\System.hpp': No such file or directory
  Player.cpp
C:\Users\ADMIN\source\repos\PTIT_Simulator\PTIT_Simulator\IncludeHeader.h(24,10): fatal  error C1083: Cannot open include file: 'SFML\System.hpp': No such file or directory
  Generating Code...
  Compiling...
  ResourceManager.cpp
C:\Users\ADMIN\source\repos\PTIT_Simulator\PTIT_Simulator\ResourceManager.h(6,10): fatal  error C1083: Cannot open include file: 'SFML/Graphics.hpp': No such file or directory
  WindowConnector.cpp
C:\Users\ADMIN\source\repos\PTIT_Simulator\PTIT_Simulator\WindowConnector.h(2,10): fatal  error C1083: Cannot open include file: 'SFML/Graphics.hpp': No such file or directory
  Generating Code...
