c:\users\admin\source\repos\ptit_simulator\ptit_simulator\x64\debug\vc143.pdb
c:\users\admin\source\repos\ptit_simulator\ptit_simulator\x64\debug\vc143.idb
c:\users\admin\source\repos\ptit_simulator\ptit_simulator\x64\debug\mapconnector.obj
c:\users\admin\source\repos\ptit_simulator\ptit_simulator\x64\debug\map.obj
c:\users\admin\source\repos\ptit_simulator\ptit_simulator\x64\debug\main.obj
c:\users\admin\source\repos\ptit_simulator\ptit_simulator\x64\debug\hitbox.obj
c:\users\admin\source\repos\ptit_simulator\ptit_simulator\x64\debug\gsstory.obj
c:\users\admin\source\repos\ptit_simulator\ptit_simulator\x64\debug\gsquiz.obj
c:\users\admin\source\repos\ptit_simulator\ptit_simulator\x64\debug\gsplay.obj
c:\users\admin\source\repos\ptit_simulator\ptit_simulator\x64\debug\gsmenu.obj
c:\users\admin\source\repos\ptit_simulator\ptit_simulator\x64\debug\gsintro.obj
c:\users\admin\source\repos\ptit_simulator\ptit_simulator\x64\debug\gsabout.obj
c:\users\admin\source\repos\ptit_simulator\ptit_simulator\x64\debug\gamestatemachine.obj
c:\users\admin\source\repos\ptit_simulator\ptit_simulator\x64\debug\gamestatebase.obj
c:\users\admin\source\repos\ptit_simulator\ptit_simulator\x64\debug\gamebutton.obj
c:\users\admin\source\repos\ptit_simulator\ptit_simulator\x64\debug\game.obj
c:\users\admin\source\repos\ptit_simulator\ptit_simulator\x64\debug\entity.obj
c:\users\admin\source\repos\ptit_simulator\ptit_simulator\x64\debug\animation.obj
c:\users\admin\source\repos\ptit_simulator\ptit_simulator\x64\debug\windowconnector.obj
c:\users\admin\source\repos\ptit_simulator\ptit_simulator\x64\debug\tile.obj
c:\users\admin\source\repos\ptit_simulator\ptit_simulator\x64\debug\resourcemanager.obj
c:\users\admin\source\repos\ptit_simulator\ptit_simulator\x64\debug\quiz.obj
c:\users\admin\source\repos\ptit_simulator\ptit_simulator\x64\debug\player.obj
c:\users\admin\source\repos\ptit_simulator\ptit_simulator\x64\debug\movement.obj
c:\users\admin\source\repos\ptit_simulator\ptit_simulator\x64\debug\gsend.obj
c:\users\admin\source\repos\ptit_simulator\ptit_simulator\x64\debug\ptit_simulator.res
c:\users\admin\source\repos\ptit_simulator\x64\debug\ptit_simulator.pdb
c:\users\admin\source\repos\ptit_simulator\ptit_simulator\x64\debug\ptit_simulator.tlog\cl.command.1.tlog
c:\users\admin\source\repos\ptit_simulator\ptit_simulator\x64\debug\ptit_simulator.tlog\cl.read.1.tlog
c:\users\admin\source\repos\ptit_simulator\ptit_simulator\x64\debug\ptit_simulator.tlog\cl.write.1.tlog
c:\users\admin\source\repos\ptit_simulator\ptit_simulator\x64\debug\ptit_simulator.tlog\link.7388-cvtres.read.1.tlog
c:\users\admin\source\repos\ptit_simulator\ptit_simulator\x64\debug\ptit_simulator.tlog\link.7388-cvtres.write.1.tlog
c:\users\admin\source\repos\ptit_simulator\ptit_simulator\x64\debug\ptit_simulator.tlog\link.7388-rc.read.1.tlog
c:\users\admin\source\repos\ptit_simulator\ptit_simulator\x64\debug\ptit_simulator.tlog\link.7388-rc.write.1.tlog
c:\users\admin\source\repos\ptit_simulator\ptit_simulator\x64\debug\ptit_simulator.tlog\link.7388.read.1.tlog
c:\users\admin\source\repos\ptit_simulator\ptit_simulator\x64\debug\ptit_simulator.tlog\link.7388.read.2.tlog
c:\users\admin\source\repos\ptit_simulator\ptit_simulator\x64\debug\ptit_simulator.tlog\link.7388.write.1.tlog
c:\users\admin\source\repos\ptit_simulator\ptit_simulator\x64\debug\ptit_simulator.tlog\link.command.1.tlog
c:\users\admin\source\repos\ptit_simulator\ptit_simulator\x64\debug\ptit_simulator.tlog\link.read.1.tlog
c:\users\admin\source\repos\ptit_simulator\ptit_simulator\x64\debug\ptit_simulator.tlog\link.write.1.tlog
c:\users\admin\source\repos\ptit_simulator\ptit_simulator\x64\debug\ptit_simulator.tlog\rc.command.1.tlog
c:\users\admin\source\repos\ptit_simulator\ptit_simulator\x64\debug\ptit_simulator.tlog\rc.read.1.tlog
c:\users\admin\source\repos\ptit_simulator\ptit_simulator\x64\debug\ptit_simulator.tlog\rc.write.1.tlog
